TN:
SF:src/form-config.js
FN:48,(anonymous_0)
FN:75,(anonymous_1)
FN:86,(anonymous_2)
FNF:3
FNH:0
FNDA:0,(anonymous_0)
FNDA:0,(anonymous_1)
FNDA:0,(anonymous_2)
DA:2,4
DA:50,0
DA:51,0
DA:52,0
DA:53,0
DA:54,0
DA:55,0
DA:56,0
DA:58,0
DA:71,0
DA:75,0
DA:78,0
DA:80,0
DA:81,0
DA:82,0
DA:86,0
DA:87,0
DA:88,0
DA:91,0
DA:92,0
DA:100,4
DA:101,4
LF:22
LH:3
BRDA:50,0,0,0
BRDA:50,0,1,0
BRDA:51,1,0,0
BRDA:51,1,1,0
BRDA:52,2,0,0
BRDA:52,2,1,0
BRDA:53,3,0,0
BRDA:53,3,1,0
BRDA:54,4,0,0
BRDA:54,4,1,0
BRDA:55,5,0,0
BRDA:55,5,1,0
BRDA:56,6,0,0
BRDA:56,6,1,0
BRDA:71,7,0,0
BRDA:71,7,1,0
BRDA:71,7,2,0
BRDA:71,7,3,0
BRDA:71,7,4,0
BRDA:71,7,5,0
BRDA:71,7,6,0
BRDA:80,8,0,0
BRDA:80,8,1,0
BRDA:86,9,0,0
BRDA:86,9,1,0
BRDA:100,10,0,4
BRDA:100,10,1,0
BRF:27
BRH:1
end_of_record
TN:
SF:src/form-router.js
FN:4,initializeForm
FN:12,(anonymous_1)
FN:18,(anonymous_2)
FN:19,(anonymous_3)
FN:28,(anonymous_4)
FN:38,(anonymous_5)
FN:61,(anonymous_6)
FN:72,(anonymous_7)
FN:88,determineRoute
FN:97,(anonymous_9)
FN:105,handleRedirect
FN:122,(anonymous_11)
FNF:12
FNH:1
FNDA:1,initializeForm
FNDA:0,(anonymous_1)
FNDA:0,(anonymous_2)
FNDA:0,(anonymous_3)
FNDA:0,(anonymous_4)
FNDA:0,(anonymous_5)
FNDA:0,(anonymous_6)
FNDA:0,(anonymous_7)
FNDA:0,determineRoute
FNDA:0,(anonymous_9)
FNDA:0,handleRedirect
FNDA:0,(anonymous_11)
DA:5,1
DA:7,1
DA:13,0
DA:14,0
DA:17,0
DA:18,0
DA:19,0
DA:20,0
DA:30,0
DA:31,0
DA:32,0
DA:35,0
DA:36,0
DA:37,0
DA:38,0
DA:39,0
DA:42,0
DA:43,0
DA:44,0
DA:46,0
DA:47,0
DA:59,0
DA:63,0
DA:64,0
DA:65,0
DA:68,0
DA:69,0
DA:70,0
DA:73,0
DA:89,0
DA:93,1
DA:94,1
DA:97,0
DA:98,0
DA:99,0
DA:106,0
DA:107,0
DA:108,0
DA:110,0
DA:111,0
DA:113,0
DA:114,0
DA:117,0
DA:118,0
DA:119,0
DA:122,0
DA:123,0
DA:124,0
DA:127,0
DA:128,0
DA:138,0
LF:51
LH:4
BRDA:23,0,0,0
BRDA:23,0,1,0
BRDA:30,1,0,0
BRDA:30,1,1,0
BRDA:63,2,0,0
BRDA:63,2,1,0
BRDA:93,3,0,1
BRDA:93,3,1,0
BRDA:98,4,0,0
BRDA:98,4,1,0
BRDA:107,5,0,0
BRDA:107,5,1,0
BRDA:113,6,0,0
BRDA:113,6,1,0
BRDA:117,7,0,0
BRDA:117,7,1,0
BRF:16
BRH:1
end_of_record
TN:
SF:src/ms-form-builder.js
FN:43,initializeMultiStepForm
FN:75,(anonymous_1)
FN:83,(anonymous_2)
FN:114,(anonymous_3)
FN:125,(anonymous_4)
FN:162,(anonymous_5)
FN:190,showStep
FN:191,(anonymous_7)
FN:194,(anonymous_8)
FN:200,updateButtons
FN:210,validateStep
FN:215,(anonymous_11)
FN:222,(anonymous_12)
FN:233,(anonymous_13)
FN:242,displayError
FN:247,(anonymous_15)
FN:259,(anonymous_16)
FN:267,(anonymous_17)
FN:276,(anonymous_18)
FN:308,addImageContainer
FN:322,(anonymous_20)
FN:328,checkForHubSpotForm
FN:379,(anonymous_22)
FN:383,(anonymous_23)
FN:399,(anonymous_24)
FNF:25
FNH:0
FNDA:0,initializeMultiStepForm
FNDA:0,(anonymous_1)
FNDA:0,(anonymous_2)
FNDA:0,(anonymous_3)
FNDA:0,(anonymous_4)
FNDA:0,(anonymous_5)
FNDA:0,showStep
FNDA:0,(anonymous_7)
FNDA:0,(anonymous_8)
FNDA:0,updateButtons
FNDA:0,validateStep
FNDA:0,(anonymous_11)
FNDA:0,(anonymous_12)
FNDA:0,(anonymous_13)
FNDA:0,displayError
FNDA:0,(anonymous_15)
FNDA:0,(anonymous_16)
FNDA:0,(anonymous_17)
FNDA:0,(anonymous_18)
FNDA:0,addImageContainer
FNDA:0,(anonymous_20)
FNDA:0,checkForHubSpotForm
FNDA:0,(anonymous_22)
FNDA:0,(anonymous_23)
FNDA:0,(anonymous_24)
DA:2,0
DA:34,0
DA:35,0
DA:36,0
DA:39,0
DA:40,0
DA:41,0
DA:44,0
DA:47,0
DA:48,0
DA:49,0
DA:50,0
DA:51,0
DA:53,0
DA:57,0
DA:60,0
DA:61,0
DA:62,0
DA:66,0
DA:67,0
DA:70,0
DA:71,0
DA:74,0
DA:75,0
DA:78,0
DA:79,0
DA:81,0
DA:82,0
DA:83,0
DA:84,0
DA:85,0
DA:86,0
DA:87,0
DA:88,0
DA:91,0
DA:92,0
DA:93,0
DA:94,0
DA:95,0
DA:96,0
DA:100,0
DA:103,0
DA:104,0
DA:105,0
DA:106,0
DA:109,0
DA:115,0
DA:116,0
DA:117,0
DA:120,0
DA:121,0
DA:122,0
DA:125,0
DA:126,0
DA:127,0
DA:132,0
DA:134,0
DA:135,0
DA:138,0
DA:139,0
DA:143,0
DA:144,0
DA:145,0
DA:149,0
DA:151,0
DA:155,0
DA:156,0
DA:158,0
DA:162,0
DA:163,0
DA:164,0
DA:168,0
DA:169,0
DA:170,0
DA:177,0
DA:178,0
DA:179,0
DA:180,0
DA:183,0
DA:184,0
DA:187,0
DA:188,0
DA:191,0
DA:192,0
DA:194,0
DA:195,0
DA:197,0
DA:201,0
DA:202,0
DA:203,0
DA:205,0
DA:206,0
DA:207,0
DA:211,0
DA:212,0
DA:215,0
DA:216,0
DA:217,0
DA:222,0
DA:223,0
DA:224,0
DA:225,0
DA:227,0
DA:228,0
DA:233,0
DA:234,0
DA:235,0
DA:239,0
DA:243,0
DA:247,0
DA:248,0
DA:249,0
DA:250,0
DA:251,0
DA:252,0
DA:255,0
DA:259,0
DA:260,0
DA:261,0
DA:262,0
DA:267,0
DA:268,0
DA:269,0
DA:270,0
DA:271,0
DA:275,0
DA:276,0
DA:277,0
DA:278,0
DA:279,0
DA:280,0
DA:283,0
DA:288,0
DA:289,0
DA:290,0
DA:292,0
DA:296,0
DA:299,0
DA:300,0
DA:302,0
DA:303,0
DA:304,0
DA:309,0
DA:310,0
DA:312,0
DA:313,0
DA:314,0
DA:315,0
DA:317,0
DA:318,0
DA:322,0
DA:324,0
DA:329,0
DA:330,0
DA:333,0
DA:334,0
DA:335,0
DA:336,0
DA:337,0
DA:340,0
DA:341,0
DA:345,0
DA:346,0
DA:347,0
DA:348,0
DA:349,0
DA:351,0
DA:352,0
DA:353,0
DA:354,0
DA:355,0
DA:357,0
DA:361,0
DA:364,0
DA:367,0
DA:368,0
DA:369,0
DA:370,0
DA:372,0
DA:373,0
DA:377,0
DA:378,0
DA:379,0
DA:380,0
DA:381,0
DA:383,0
DA:384,0
DA:385,0
DA:387,0
DA:388,0
DA:399,0
DA:400,0
DA:401,0
LF:193
LH:0
BRDA:47,0,0,0
BRDA:47,0,1,0
BRDA:49,1,0,0
BRDA:49,1,1,0
BRDA:61,2,0,0
BRDA:61,2,1,0
BRDA:70,3,0,0
BRDA:70,3,1,0
BRDA:71,4,0,0
BRDA:71,4,1,0
BRDA:85,5,0,0
BRDA:85,5,1,0
BRDA:92,6,0,0
BRDA:92,6,1,0
BRDA:115,7,0,0
BRDA:115,7,1,0
BRDA:121,8,0,0
BRDA:121,8,1,0
BRDA:126,9,0,0
BRDA:126,9,1,0
BRDA:126,10,0,0
BRDA:126,10,1,0
BRDA:132,11,0,0
BRDA:132,11,1,0
BRDA:132,12,0,0
BRDA:132,12,1,0
BRDA:138,13,0,0
BRDA:138,13,1,0
BRDA:162,14,0,0
BRDA:162,14,1,0
BRDA:205,15,0,0
BRDA:205,15,1,0
BRDA:206,16,0,0
BRDA:206,16,1,0
BRDA:207,17,0,0
BRDA:207,17,1,0
BRDA:216,18,0,0
BRDA:216,18,1,0
BRDA:216,19,0,0
BRDA:216,19,1,0
BRDA:224,20,0,0
BRDA:224,20,1,0
BRDA:224,21,0,0
BRDA:224,21,1,0
BRDA:227,22,0,0
BRDA:227,22,1,0
BRDA:234,23,0,0
BRDA:234,23,1,0
BRDA:243,24,0,0
BRDA:243,24,1,0
BRDA:248,25,0,0
BRDA:248,25,1,0
BRDA:250,26,0,0
BRDA:250,26,1,0
BRDA:260,27,0,0
BRDA:260,27,1,0
BRDA:268,28,0,0
BRDA:268,28,1,0
BRDA:277,29,0,0
BRDA:277,29,1,0
BRDA:278,30,0,0
BRDA:278,30,1,0
BRDA:279,31,0,0
BRDA:279,31,1,0
BRDA:300,32,0,0
BRDA:300,32,1,0
BRDA:304,33,0,0
BRDA:304,33,1,0
BRDA:304,34,0,0
BRDA:304,34,1,0
BRDA:333,35,0,0
BRDA:333,35,1,0
BRDA:333,36,0,0
BRDA:333,36,1,0
BRDA:340,37,0,0
BRDA:340,37,1,0
BRDA:345,38,0,0
BRDA:345,38,1,0
BRDA:345,39,0,0
BRDA:345,39,1,0
BRDA:347,40,0,0
BRDA:347,40,1,0
BRDA:352,41,0,0
BRDA:352,41,1,0
BRDA:355,42,0,0
BRDA:355,42,1,0
BRDA:368,43,0,0
BRDA:368,43,1,0
BRDA:372,44,0,0
BRDA:372,44,1,0
BRDA:378,45,0,0
BRDA:378,45,1,0
BRDA:380,46,0,0
BRDA:380,46,1,0
BRDA:380,47,0,0
BRDA:380,47,1,0
BRDA:385,48,0,0
BRDA:385,48,1,0
BRDA:389,49,0,0
BRDA:389,49,1,0
BRDA:389,50,0,0
BRDA:389,50,1,0
BRF:102
BRH:0
end_of_record
TN:
SF:src/ms-form-router.js
FN:7,addFieldTracking
FN:20,(anonymous_1)
FN:21,(anonymous_2)
FN:33,(anonymous_3)
FN:56,(anonymous_4)
FN:83,(anonymous_5)
FNF:6
FNH:0
FNDA:0,addFieldTracking
FNDA:0,(anonymous_1)
FNDA:0,(anonymous_2)
FNDA:0,(anonymous_3)
FNDA:0,(anonymous_4)
FNDA:0,(anonymous_5)
DA:4,0
DA:8,0
DA:11,0
DA:12,0
DA:13,0
DA:14,0
DA:17,0
DA:20,0
DA:21,0
DA:22,0
DA:29,0
DA:33,0
DA:34,0
DA:35,0
DA:36,0
DA:37,0
DA:40,0
DA:41,0
DA:45,0
DA:46,0
DA:47,0
DA:49,0
DA:50,0
DA:54,0
DA:55,0
DA:56,0
DA:57,0
DA:61,0
DA:62,0
DA:64,0
DA:65,0
DA:66,0
DA:80,0
DA:81,0
DA:83,0
DA:84,0
DA:85,0
DA:86,0
DA:87,0
DA:89,0
DA:90,0
DA:101,0
LF:42
LH:0
BRDA:8,0,0,0
BRDA:8,0,1,0
BRDA:12,1,0,0
BRDA:12,1,1,0
BRDA:34,2,0,0
BRDA:34,2,1,0
BRDA:35,3,0,0
BRDA:35,3,1,0
BRDA:40,4,0,0
BRDA:40,4,1,0
BRDA:46,5,0,0
BRDA:46,5,1,0
BRDA:55,6,0,0
BRDA:55,6,1,0
BRDA:55,7,0,0
BRDA:55,7,1,0
BRDA:64,8,0,0
BRDA:64,8,1,0
BRF:18
BRH:0
end_of_record
TN:
SF:src/scheduler-bundle.js
FN:4,determineCalendarType
FN:62,createSchedulerModal
FN:123,initScheduler
FN:148,(anonymous_3)
FN:164,initializeSchedulerWithGuard
FNF:5
FNH:1
FNDA:0,determineCalendarType
FNDA:0,createSchedulerModal
FNDA:0,initScheduler
FNDA:0,(anonymous_3)
FNDA:1,initializeSchedulerWithGuard
DA:6,0
DA:7,0
DA:8,0
DA:9,0
DA:12,0
DA:13,0
DA:15,0
DA:21,0
DA:22,0
DA:23,0
DA:24,0
DA:28,0
DA:29,0
DA:30,0
DA:32,0
DA:40,0
DA:41,0
DA:44,0
DA:48,0
DA:49,0
DA:51,0
DA:52,0
DA:53,0
DA:57,0
DA:58,0
DA:63,0
DA:65,0
DA:72,0
DA:73,0
DA:74,0
DA:85,0
DA:86,0
DA:87,0
DA:95,0
DA:96,0
DA:97,0
DA:104,0
DA:105,0
DA:106,0
DA:107,0
DA:108,0
DA:109,0
DA:110,0
DA:112,0
DA:116,0
DA:117,0
DA:119,0
DA:124,0
DA:126,0
DA:128,0
DA:134,0
DA:137,0
DA:138,0
DA:139,0
DA:143,0
DA:144,0
DA:145,0
DA:148,0
DA:150,0
DA:151,0
DA:152,0
DA:153,0
DA:157,0
DA:159,0
DA:165,1
DA:168,1
DA:169,0
DA:170,0
DA:171,0
DA:177,0
DA:178,0
DA:179,0
DA:180,0
DA:184,0
DA:185,0
DA:187,0
DA:189,0
DA:190,0
DA:191,0
DA:194,0
DA:196,0
DA:203,1
DA:204,1
DA:206,0
LF:84
LH:4
BRDA:6,0,0,0
BRDA:6,0,1,0
BRDA:6,1,0,0
BRDA:6,1,1,0
BRDA:12,2,0,0
BRDA:12,2,1,0
BRDA:13,3,0,0
BRDA:13,3,1,0
BRDA:21,4,0,0
BRDA:21,4,1,0
BRDA:21,5,0,0
BRDA:21,5,1,0
BRDA:29,6,0,0
BRDA:29,6,1,0
BRDA:29,6,2,0
BRDA:30,7,0,0
BRDA:30,7,1,0
BRDA:40,8,0,0
BRDA:40,8,1,0
BRDA:40,9,0,0
BRDA:40,9,1,0
BRDA:40,9,2,0
BRDA:42,10,0,0
BRDA:42,10,1,0
BRDA:51,11,0,0
BRDA:51,11,1,0
BRDA:51,12,0,0
BRDA:51,12,1,0
BRDA:104,13,0,0
BRDA:104,13,1,0
BRDA:126,14,0,0
BRDA:126,14,1,0
BRDA:137,15,0,0
BRDA:137,15,1,0
BRDA:150,16,0,0
BRDA:150,16,1,0
BRDA:168,17,0,0
BRDA:168,17,1,1
BRDA:173,18,0,0
BRDA:173,18,1,0
BRDA:177,19,0,0
BRDA:177,19,1,0
BRDA:203,20,0,1
BRDA:203,20,1,0
BRF:44
BRH:2
end_of_record
